{"/Users/danbi/eunchurn/ts-utils/packages/ipaddress/src/getIPAddresses.ts": {"path":"/Users/danbi/eunchurn/ts-utils/packages/ipaddress/src/getIPAddresses.ts","statementMap":{"0":{"start":{"line":1,"column":0},"end":{"line":1,"column":20}},"1":{"start":{"line":2,"column":0},"end":{"line":2,"column":42}},"2":{"start":{"line":4,"column":0},"end":{"line":4,"column":16}},"3":{"start":{"line":5,"column":26},"end":{"line":5,"column":48}},"4":{"start":{"line":8,"column":23},"end":{"line":8,"column":25}},"5":{"start":{"line":9,"column":2},"end":{"line":22,"column":null}},"6":{"start":{"line":10,"column":18},"end":{"line":10,"column":44}},"7":{"start":{"line":11,"column":4},"end":{"line":11,"column":48}},"8":{"start":{"line":11,"column":29},"end":{"line":11,"column":48}},"9":{"start":{"line":12,"column":22},"end":{"line":18,"column":null}},"10":{"start":{"line":14,"column":8},"end":{"line":16,"column":null}},"11":{"start":{"line":15,"column":10},"end":{"line":15,"column":31}},"12":{"start":{"line":17,"column":8},"end":{"line":17,"column":20}},"13":{"start":{"line":20,"column":4},"end":{"line":20,"column":37}},"14":{"start":{"line":20,"column":28},"end":{"line":20,"column":37}},"15":{"start":{"line":21,"column":4},"end":{"line":21,"column":26}},"16":{"start":{"line":23,"column":2},"end":{"line":23,"column":38}},"17":{"start":{"line":23,"column":19},"end":{"line":23,"column":38}},"18":{"start":{"line":24,"column":2},"end":{"line":24,"column":12}},"19":{"start":{"line":7,"column":0},"end":{"line":7,"column":16}}},"fnMap":{"0":{"name":"getIPAddresses","decl":{"start":{"line":7,"column":16},"end":{"line":7,"column":30}},"loc":{"start":{"line":7,"column":30},"end":{"line":25,"column":1}}},"1":{"name":"(anonymous_2)","decl":{"start":{"line":13,"column":16},"end":{"line":13,"column":17}},"loc":{"start":{"line":13,"column":22},"end":{"line":18,"column":7}}}},"branchMap":{"0":{"loc":{"start":{"line":11,"column":4},"end":{"line":11,"column":48}},"type":"if","locations":[{"start":{"line":11,"column":4},"end":{"line":11,"column":48}},{"start":{"line":11,"column":4},"end":{"line":11,"column":48}}]},"1":{"loc":{"start":{"line":14,"column":8},"end":{"line":16,"column":null}},"type":"if","locations":[{"start":{"line":14,"column":8},"end":{"line":16,"column":null}},{"start":{"line":14,"column":8},"end":{"line":16,"column":null}}]},"2":{"loc":{"start":{"line":14,"column":12},"end":{"line":14,"column":35}},"type":"binary-expr","locations":[{"start":{"line":14,"column":12},"end":{"line":14,"column":35}},{"start":{"line":14,"column":39},"end":{"line":14,"column":68}},{"start":{"line":14,"column":72},"end":{"line":14,"column":87}}]},"3":{"loc":{"start":{"line":20,"column":4},"end":{"line":20,"column":37}},"type":"if","locations":[{"start":{"line":20,"column":4},"end":{"line":20,"column":37}},{"start":{"line":20,"column":4},"end":{"line":20,"column":37}}]},"4":{"loc":{"start":{"line":23,"column":2},"end":{"line":23,"column":38}},"type":"if","locations":[{"start":{"line":23,"column":2},"end":{"line":23,"column":38}},{"start":{"line":23,"column":2},"end":{"line":23,"column":38}}]}},"s":{"0":1,"1":1,"2":1,"3":1,"4":1,"5":1,"6":10,"7":10,"8":0,"9":10,"10":13,"11":1,"12":12,"13":10,"14":9,"15":1,"16":1,"17":0,"18":1,"19":1},"f":{"0":1,"1":13},"b":{"0":[0,10],"1":[1,12],"2":[13,2,1],"3":[9,1],"4":[0,1]}}
,"/Users/danbi/eunchurn/ts-utils/packages/ipaddress/src/getNetworkIP.ts": {"path":"/Users/danbi/eunchurn/ts-utils/packages/ipaddress/src/getNetworkIP.ts","statementMap":{"0":{"start":{"line":1,"column":0},"end":{"line":1,"column":33}},"1":{"start":{"line":2,"column":0},"end":{"line":2,"column":22}},"2":{"start":{"line":5,"column":15},"end":{"line":5,"column":57}},"3":{"start":{"line":6,"column":2},"end":{"line":12,"column":5}},"4":{"start":{"line":7,"column":26},"end":{"line":7,"column":42}},"5":{"start":{"line":8,"column":4},"end":{"line":8,"column":39}},"6":{"start":{"line":8,"column":32},"end":{"line":8,"column":39}},"7":{"start":{"line":9,"column":24},"end":{"line":9,"column":64}},"8":{"start":{"line":10,"column":4},"end":{"line":10,"column":33}},"9":{"start":{"line":11,"column":4},"end":{"line":11,"column":17}},"10":{"start":{"line":13,"column":2},"end":{"line":15,"column":5}},"11":{"start":{"line":14,"column":4},"end":{"line":14,"column":25}},"12":{"start":{"line":4,"column":0},"end":{"line":4,"column":16}}},"fnMap":{"0":{"name":"getNetworkIP","decl":{"start":{"line":4,"column":16},"end":{"line":4,"column":28}},"loc":{"start":{"line":4,"column":87},"end":{"line":16,"column":1}}},"1":{"name":"(anonymous_2)","decl":{"start":{"line":6,"column":23},"end":{"line":6,"column":null}},"loc":{"start":{"line":6,"column":23},"end":{"line":12,"column":3}}},"2":{"name":"(anonymous_3)","decl":{"start":{"line":13,"column":21},"end":{"line":13,"column":31}},"loc":{"start":{"line":13,"column":39},"end":{"line":15,"column":3}}}},"branchMap":{"0":{"loc":{"start":{"line":8,"column":4},"end":{"line":8,"column":39}},"type":"if","locations":[{"start":{"line":8,"column":4},"end":{"line":8,"column":39}},{"start":{"line":8,"column":4},"end":{"line":8,"column":39}}]}},"s":{"0":1,"1":1,"2":1,"3":1,"4":0,"5":0,"6":0,"7":0,"8":0,"9":0,"10":1,"11":0,"12":1},"f":{"0":1,"1":0,"2":0},"b":{"0":[0,0]}}
,"/Users/danbi/eunchurn/ts-utils/packages/ipaddress/src/index.ts": {"path":"/Users/danbi/eunchurn/ts-utils/packages/ipaddress/src/index.ts","statementMap":{"0":{"start":{"line":1,"column":0},"end":{"line":1,"column":31}},"1":{"start":{"line":2,"column":0},"end":{"line":2,"column":33}}},"fnMap":{},"branchMap":{},"s":{"0":1,"1":1},"f":{},"b":{}}
,"/Users/danbi/eunchurn/ts-utils/packages/ring-ts/src/index.ts": {"path":"/Users/danbi/eunchurn/ts-utils/packages/ring-ts/src/index.ts","statementMap":{"0":{"start":{"line":1,"column":0},"end":{"line":1,"column":23}}},"fnMap":{},"branchMap":{},"s":{"0":1},"f":{},"b":{}}
,"/Users/danbi/eunchurn/ts-utils/packages/ring-ts/src/ring.ts": {"path":"/Users/danbi/eunchurn/ts-utils/packages/ring-ts/src/ring.ts","statementMap":{"0":{"start":{"line":39,"column":13},"end":{"line":119,"column":40}},"1":{"start":{"line":40,"column":2},"end":{"line":42,"column":null}},"2":{"start":{"line":41,"column":4},"end":{"line":41,"column":26}},"3":{"start":{"line":44,"column":38},"end":{"line":44,"column":53}},"4":{"start":{"line":45,"column":15},"end":{"line":45,"column":16}},"5":{"start":{"line":46,"column":15},"end":{"line":46,"column":16}},"6":{"start":{"line":48,"column":2},"end":{"line":69,"column":5}},"7":{"start":{"line":51,"column":8},"end":{"line":51,"column":31}},"8":{"start":{"line":56,"column":8},"end":{"line":56,"column":28}},"9":{"start":{"line":61,"column":8},"end":{"line":61,"column":22}},"10":{"start":{"line":66,"column":8},"end":{"line":66,"column":20}},"11":{"start":{"line":72,"column":14},"end":{"line":72,"column":38}},"12":{"start":{"line":73,"column":4},"end":{"line":73,"column":22}},"13":{"start":{"line":74,"column":4},"end":{"line":78,"column":null}},"14":{"start":{"line":75,"column":6},"end":{"line":75,"column":35}},"15":{"start":{"line":77,"column":6},"end":{"line":77,"column":15}},"16":{"start":{"line":79,"column":4},"end":{"line":79,"column":21}},"17":{"start":{"line":82,"column":2},"end":{"line":86,"column":4}},"18":{"start":{"line":83,"column":4},"end":{"line":85,"column":null}},"19":{"start":{"line":83,"column":17},"end":{"line":83,"column":18}},"20":{"start":{"line":84,"column":6},"end":{"line":84,"column":25}},"21":{"start":{"line":88,"column":2},"end":{"line":97,"column":4}},"22":{"start":{"line":89,"column":4},"end":{"line":89,"column":39}},"23":{"start":{"line":89,"column":22},"end":{"line":89,"column":39}},"24":{"start":{"line":91,"column":17},"end":{"line":91,"column":30}},"25":{"start":{"line":92,"column":4},"end":{"line":92,"column":30}},"26":{"start":{"line":93,"column":4},"end":{"line":93,"column":33}},"27":{"start":{"line":94,"column":4},"end":{"line":94,"column":13}},"28":{"start":{"line":96,"column":4},"end":{"line":96,"column":16}},"29":{"start":{"line":98,"column":2},"end":{"line":108,"column":4}},"30":{"start":{"line":99,"column":4},"end":{"line":99,"column":20}},"31":{"start":{"line":99,"column":13},"end":{"line":99,"column":20}},"32":{"start":{"line":101,"column":4},"end":{"line":107,"column":null}},"33":{"start":{"line":102,"column":14},"end":{"line":102,"column":20}},"34":{"start":{"line":102,"column":30},"end":{"line":102,"column":36}},"35":{"start":{"line":106,"column":6},"end":{"line":106,"column":19}},"36":{"start":{"line":110,"column":2},"end":{"line":118,"column":4}},"37":{"start":{"line":111,"column":14},"end":{"line":111,"column":31}},"38":{"start":{"line":112,"column":12},"end":{"line":112,"column":13}},"39":{"start":{"line":113,"column":4},"end":{"line":115,"column":7}},"40":{"start":{"line":114,"column":6},"end":{"line":114,"column":22}},"41":{"start":{"line":117,"column":4},"end":{"line":117,"column":15}}},"fnMap":{"0":{"name":"(anonymous_0)","decl":{"start":{"line":39,"column":20},"end":{"line":39,"column":42}},"loc":{"start":{"line":39,"column":54},"end":{"line":119,"column":39}}},"1":{"name":"(anonymous_1)","decl":{"start":{"line":50,"column":9},"end":{"line":50,"column":null}},"loc":{"start":{"line":50,"column":9},"end":{"line":52,"column":7}}},"2":{"name":"(anonymous_2)","decl":{"start":{"line":55,"column":9},"end":{"line":55,"column":null}},"loc":{"start":{"line":55,"column":9},"end":{"line":57,"column":7}}},"3":{"name":"(anonymous_3)","decl":{"start":{"line":60,"column":9},"end":{"line":60,"column":null}},"loc":{"start":{"line":60,"column":9},"end":{"line":62,"column":7}}},"4":{"name":"(anonymous_4)","decl":{"start":{"line":65,"column":9},"end":{"line":65,"column":null}},"loc":{"start":{"line":65,"column":9},"end":{"line":67,"column":7}}},"5":{"name":"push","decl":{"start":{"line":71,"column":11},"end":{"line":71,"column":15}},"loc":{"start":{"line":71,"column":28},"end":{"line":80,"column":3}}},"6":{"name":"(anonymous_6)","decl":{"start":{"line":82,"column":14},"end":{"line":82,"column":null}},"loc":{"start":{"line":82,"column":14},"end":{"line":86,"column":3}}},"7":{"name":"(anonymous_7)","decl":{"start":{"line":88,"column":17},"end":{"line":88,"column":null}},"loc":{"start":{"line":88,"column":17},"end":{"line":97,"column":3}}},"8":{"name":"(anonymous_8)","decl":{"start":{"line":98,"column":17},"end":{"line":98,"column":27}},"loc":{"start":{"line":98,"column":29},"end":{"line":108,"column":3}}},"9":{"name":"(anonymous_9)","decl":{"start":{"line":110,"column":17},"end":{"line":110,"column":null}},"loc":{"start":{"line":110,"column":17},"end":{"line":118,"column":3}}},"10":{"name":"(anonymous_10)","decl":{"start":{"line":113,"column":17},"end":{"line":113,"column":27}},"loc":{"start":{"line":113,"column":31},"end":{"line":115,"column":5}}}},"branchMap":{"0":{"loc":{"start":{"line":40,"column":2},"end":{"line":42,"column":null}},"type":"if","locations":[{"start":{"line":40,"column":2},"end":{"line":42,"column":null}},{"start":{"line":40,"column":2},"end":{"line":42,"column":null}}]},"1":{"loc":{"start":{"line":74,"column":4},"end":{"line":78,"column":null}},"type":"if","locations":[{"start":{"line":74,"column":4},"end":{"line":78,"column":null}},{"start":{"line":74,"column":4},"end":{"line":78,"column":null}}]},"2":{"loc":{"start":{"line":89,"column":4},"end":{"line":89,"column":39}},"type":"if","locations":[{"start":{"line":89,"column":4},"end":{"line":89,"column":39}},{"start":{"line":89,"column":4},"end":{"line":89,"column":39}}]},"3":{"loc":{"start":{"line":99,"column":4},"end":{"line":99,"column":20}},"type":"if","locations":[{"start":{"line":99,"column":4},"end":{"line":99,"column":20}},{"start":{"line":99,"column":4},"end":{"line":99,"column":20}}]}},"s":{"0":1,"1":9,"2":0,"3":9,"4":9,"5":9,"6":9,"7":2,"8":3,"9":2,"10":2,"11":18,"12":18,"13":18,"14":0,"15":18,"16":18,"17":9,"18":18,"19":18,"20":18,"21":9,"22":1,"23":0,"24":1,"25":1,"26":1,"27":1,"28":1,"29":9,"30":2,"31":0,"32":2,"33":2,"34":2,"35":4,"36":9,"37":2,"38":2,"39":2,"40":4,"41":2},"f":{"0":9,"1":2,"2":3,"3":2,"4":2,"5":18,"6":18,"7":1,"8":2,"9":2,"10":4},"b":{"0":[0,9],"1":[0,18],"2":[0,1],"3":[0,2]}}
}
