TN:
SF:packages/ipaddress/src/getIPAddresses.ts
FN:7,getIPAddresses
FN:13,(anonymous_2)
FNF:2
FNH:2
FNDA:1,getIPAddresses
FNDA:13,(anonymous_2)
DA:1,1
DA:2,1
DA:4,1
DA:5,1
DA:7,1
DA:8,1
DA:9,1
DA:10,10
DA:11,10
DA:12,10
DA:14,13
DA:15,1
DA:17,12
DA:20,10
DA:21,1
DA:23,1
DA:24,1
LF:17
LH:17
BRDA:11,0,0,0
BRDA:11,0,1,10
BRDA:14,1,0,1
BRDA:14,1,1,12
BRDA:14,2,0,13
BRDA:14,2,1,2
BRDA:14,2,2,1
BRDA:20,3,0,9
BRDA:20,3,1,1
BRDA:23,4,0,0
BRDA:23,4,1,1
BRF:11
BRH:9
end_of_record
TN:
SF:packages/ipaddress/src/getNetworkIP.ts
FN:4,getNetworkIP
FN:6,(anonymous_2)
FN:13,(anonymous_3)
FNF:3
FNH:1
FNDA:1,getNetworkIP
FNDA:0,(anonymous_2)
FNDA:0,(anonymous_3)
DA:1,1
DA:2,1
DA:4,1
DA:5,1
DA:6,1
DA:7,0
DA:8,0
DA:9,0
DA:10,0
DA:11,0
DA:13,1
DA:14,0
LF:12
LH:6
BRDA:8,0,0,0
BRDA:8,0,1,0
BRF:2
BRH:0
end_of_record
TN:
SF:packages/ipaddress/src/index.ts
FNF:0
FNH:0
DA:1,1
DA:2,1
LF:2
LH:2
BRF:0
BRH:0
end_of_record
TN:
SF:packages/ring-ts/src/index.ts
FNF:0
FNH:0
DA:1,1
LF:1
LH:1
BRF:0
BRH:0
end_of_record
TN:
SF:packages/ring-ts/src/ring.ts
FN:39,(anonymous_0)
FN:50,(anonymous_1)
FN:55,(anonymous_2)
FN:60,(anonymous_3)
FN:65,(anonymous_4)
FN:71,push
FN:82,(anonymous_6)
FN:88,(anonymous_7)
FN:98,(anonymous_8)
FN:110,(anonymous_9)
FN:113,(anonymous_10)
FNF:11
FNH:11
FNDA:9,(anonymous_0)
FNDA:2,(anonymous_1)
FNDA:3,(anonymous_2)
FNDA:2,(anonymous_3)
FNDA:2,(anonymous_4)
FNDA:18,push
FNDA:18,(anonymous_6)
FNDA:1,(anonymous_7)
FNDA:2,(anonymous_8)
FNDA:2,(anonymous_9)
FNDA:4,(anonymous_10)
DA:39,1
DA:40,9
DA:41,0
DA:44,9
DA:45,9
DA:46,9
DA:48,9
DA:51,2
DA:56,3
DA:61,2
DA:66,2
DA:72,18
DA:73,18
DA:74,18
DA:75,0
DA:77,18
DA:79,18
DA:82,9
DA:83,18
DA:84,18
DA:88,9
DA:89,1
DA:91,1
DA:92,1
DA:93,1
DA:94,1
DA:96,1
DA:98,9
DA:99,2
DA:101,2
DA:102,2
DA:106,4
DA:110,9
DA:111,2
DA:112,2
DA:113,2
DA:114,4
DA:117,2
LF:38
LH:36
BRDA:40,0,0,0
BRDA:40,0,1,9
BRDA:74,1,0,0
BRDA:74,1,1,18
BRDA:89,2,0,0
BRDA:89,2,1,1
BRDA:99,3,0,0
BRDA:99,3,1,2
BRF:8
BRH:4
end_of_record
